0 info it worked if it ends with ok
1 verbose cli [ 'C:\\Program Files\\nodejs\\node.exe',
1 verbose cli   'C:\\Users\\ehimmaj\\AppData\\Roaming\\npm\\node_modules\\npm\\bin\\npm-cli.js',
1 verbose cli   'start' ]
2 info using npm@4.0.5
3 info using node@v6.6.0
4 verbose run-script [ 'prestart', 'start', 'poststart' ]
5 info lifecycle node_with_mongo@1.0.0~prestart: node_with_mongo@1.0.0
6 verbose lifecycle node_with_mongo@1.0.0~prestart: unsafe-perm in lifecycle true
7 verbose lifecycle node_with_mongo@1.0.0~prestart: PATH: C:\Users\ehimmaj\AppData\Roaming\npm\node_modules\npm\bin\node-gyp-bin;C:\EGI\Study\Node\nodeWithMongo\node_modules\.bin;C:\Users\ehimmaj\AppData\Roaming\npm;C:\Program Files\nodejs\;C:\Program Files\Common Files\Microsoft Shared\Microsoft Online Services;C:\Program Files (x86)\Common Files\Microsoft Shared\Microsoft Online Services;C:\Program Files (x86)\Python35-32\Scripts\;C:\Program Files (x86)\Python35-32\;C:\Windows\system32;C:\Windows;C:\Windows\System32\Wbem;C:\Windows\System32\WindowsPowerShell\v1.0\;C:\Windows\system32\config\systemprofile\.dnx\bin;C:\Program Files\Microsoft DNX\Dnvm\;C:\Program Files\Microsoft SQL Server\120\Tools\Binn\;C:\Program Files\Microsoft SQL Server\130\Tools\Binn\;C:\Program Files (x86)\Windows Kits\10\Windows Performance Toolkit\;C:\Program Files\Git\cmd;C:\Program Files\Java\jdk1.8.0_92\bin;C:\Program Files\Java\jre1.8.0_92\bin;C:\Program Files (x86)\PuTTY\;C:\Program Files\MySQL\MySQL Utilities 1.6\;C:\Program Files\nodejs\;C:\Windows\System32\WindowsPowerShell\v1.0\;C:\Program Files\TortoiseSVN\bin;C:\Program Files\Microsoft\Web Platform Installer\;C:\Program Files\Microsoft Service Fabric\bin\Fabric\Fabric.Code;C:\Program Files\Microsoft SDKs\Service Fabric\Tools\ServiceFabricLocalClusterManager;C:\Program Files (x86)\Python35-32;C:\Program Files (x86)\Python35-32\Scripts\;C:\Program Files (x86)\Java\jre7\bin; ; ; ;C:\Program Files (x86)\Microsoft SQL Server\110\Tools\Binn\;C:\Program Files\Microsoft SQL Server\110\Tools\Binn\;C:\Program Files\Microsoft SQL Server\110\DTS\Binn\;C:\Program Files (x86)\Microsoft SQL Server\110\Tools\Binn\ManagementStudio\;C:\Program Files (x86)\Microsoft Visual Studio 10.0\Common7\IDE\PrivateAssemblies\;C:\Program Files (x86)\Microsoft SQL Server\110\DTS\Binn\;C:\Program Files\dotnet\;C:\ProgramData\Anaconda3;C:\ProgramData\Anaconda3\Scripts;C:\ProgramData\Anaconda3\Library\bin;C:\Program Files (x86)\IronPython 2.7\Lib;C:\Program Files (x86)\Java\jre7\bin;C:\Program Files (x86)\Java\jre7\bin;C:\Program Files (x86)\Java\jre7\bin;C:\Program Files (x86)\Java\jre7\bin;C:\Program Files (x86)\Java\jre7\bin;C:\Program Files (x86)\Java\jre7\bin;C:\Program Files (x86)\Java\jre7\bin;C:\Program Files (x86)\Java\jre7\bin;C:\Program Files (x86)\Java\jre7\bin;C:\Program Files (x86)\Java\jre7\bin;C:\Program Files (x86)\Java\jre7\bin;C:\Program Files (x86)\Java\jdk1.7.0_11\jre\bin\;C:\Program Files (x86)\Java\jre7\bin;C:\Program Files\Docker Toolbox;C:\Users\ehimmaj\AppData\Roaming\npm;C:\Program Files (x86)\Microsoft VS Code\bin;C:\ProgramData\Anaconda3\Lib;C:\ProgramData\Anaconda3\Libs
8 verbose lifecycle node_with_mongo@1.0.0~prestart: CWD: C:\EGI\Study\Node\nodeWithMongo
9 silly lifecycle node_with_mongo@1.0.0~prestart: Args: [ '/d /s /c', 'babel-node tools/startMessage.js' ]
10 silly lifecycle node_with_mongo@1.0.0~prestart: Returned: code: 0  signal: null
11 info lifecycle node_with_mongo@1.0.0~start: node_with_mongo@1.0.0
12 verbose lifecycle node_with_mongo@1.0.0~start: unsafe-perm in lifecycle true
13 verbose lifecycle node_with_mongo@1.0.0~start: PATH: C:\Users\ehimmaj\AppData\Roaming\npm\node_modules\npm\bin\node-gyp-bin;C:\EGI\Study\Node\nodeWithMongo\node_modules\.bin;C:\Users\ehimmaj\AppData\Roaming\npm;C:\Program Files\nodejs\;C:\Program Files\Common Files\Microsoft Shared\Microsoft Online Services;C:\Program Files (x86)\Common Files\Microsoft Shared\Microsoft Online Services;C:\Program Files (x86)\Python35-32\Scripts\;C:\Program Files (x86)\Python35-32\;C:\Windows\system32;C:\Windows;C:\Windows\System32\Wbem;C:\Windows\System32\WindowsPowerShell\v1.0\;C:\Windows\system32\config\systemprofile\.dnx\bin;C:\Program Files\Microsoft DNX\Dnvm\;C:\Program Files\Microsoft SQL Server\120\Tools\Binn\;C:\Program Files\Microsoft SQL Server\130\Tools\Binn\;C:\Program Files (x86)\Windows Kits\10\Windows Performance Toolkit\;C:\Program Files\Git\cmd;C:\Program Files\Java\jdk1.8.0_92\bin;C:\Program Files\Java\jre1.8.0_92\bin;C:\Program Files (x86)\PuTTY\;C:\Program Files\MySQL\MySQL Utilities 1.6\;C:\Program Files\nodejs\;C:\Windows\System32\WindowsPowerShell\v1.0\;C:\Program Files\TortoiseSVN\bin;C:\Program Files\Microsoft\Web Platform Installer\;C:\Program Files\Microsoft Service Fabric\bin\Fabric\Fabric.Code;C:\Program Files\Microsoft SDKs\Service Fabric\Tools\ServiceFabricLocalClusterManager;C:\Program Files (x86)\Python35-32;C:\Program Files (x86)\Python35-32\Scripts\;C:\Program Files (x86)\Java\jre7\bin; ; ; ;C:\Program Files (x86)\Microsoft SQL Server\110\Tools\Binn\;C:\Program Files\Microsoft SQL Server\110\Tools\Binn\;C:\Program Files\Microsoft SQL Server\110\DTS\Binn\;C:\Program Files (x86)\Microsoft SQL Server\110\Tools\Binn\ManagementStudio\;C:\Program Files (x86)\Microsoft Visual Studio 10.0\Common7\IDE\PrivateAssemblies\;C:\Program Files (x86)\Microsoft SQL Server\110\DTS\Binn\;C:\Program Files\dotnet\;C:\ProgramData\Anaconda3;C:\ProgramData\Anaconda3\Scripts;C:\ProgramData\Anaconda3\Library\bin;C:\Program Files (x86)\IronPython 2.7\Lib;C:\Program Files (x86)\Java\jre7\bin;C:\Program Files (x86)\Java\jre7\bin;C:\Program Files (x86)\Java\jre7\bin;C:\Program Files (x86)\Java\jre7\bin;C:\Program Files (x86)\Java\jre7\bin;C:\Program Files (x86)\Java\jre7\bin;C:\Program Files (x86)\Java\jre7\bin;C:\Program Files (x86)\Java\jre7\bin;C:\Program Files (x86)\Java\jre7\bin;C:\Program Files (x86)\Java\jre7\bin;C:\Program Files (x86)\Java\jre7\bin;C:\Program Files (x86)\Java\jdk1.7.0_11\jre\bin\;C:\Program Files (x86)\Java\jre7\bin;C:\Program Files\Docker Toolbox;C:\Users\ehimmaj\AppData\Roaming\npm;C:\Program Files (x86)\Microsoft VS Code\bin;C:\ProgramData\Anaconda3\Lib;C:\ProgramData\Anaconda3\Libs
14 verbose lifecycle node_with_mongo@1.0.0~start: CWD: C:\EGI\Study\Node\nodeWithMongo
15 silly lifecycle node_with_mongo@1.0.0~start: Args: [ '/d /s /c',
15 silly lifecycle   'npm-run-all --parallel lint:watch test:watch open:src' ]
16 silly lifecycle node_with_mongo@1.0.0~start: Returned: code: 1  signal: null
17 info lifecycle node_with_mongo@1.0.0~start: Failed to exec start script
18 verbose stack Error: node_with_mongo@1.0.0 start: `npm-run-all --parallel lint:watch test:watch open:src`
18 verbose stack Exit status 1
18 verbose stack     at EventEmitter.<anonymous> (C:\Users\ehimmaj\AppData\Roaming\npm\node_modules\npm\lib\utils\lifecycle.js:279:16)
18 verbose stack     at emitTwo (events.js:106:13)
18 verbose stack     at EventEmitter.emit (events.js:191:7)
18 verbose stack     at ChildProcess.<anonymous> (C:\Users\ehimmaj\AppData\Roaming\npm\node_modules\npm\lib\utils\spawn.js:40:14)
18 verbose stack     at emitTwo (events.js:106:13)
18 verbose stack     at ChildProcess.emit (events.js:191:7)
18 verbose stack     at maybeClose (internal/child_process.js:877:16)
18 verbose stack     at Process.ChildProcess._handle.onexit (internal/child_process.js:226:5)
19 verbose pkgid node_with_mongo@1.0.0
20 verbose cwd C:\EGI\Study\Node\nodeWithMongo
21 error Windows_NT 6.1.7601
22 error argv "C:\\Program Files\\nodejs\\node.exe" "C:\\Users\\ehimmaj\\AppData\\Roaming\\npm\\node_modules\\npm\\bin\\npm-cli.js" "start"
23 error node v6.6.0
24 error npm  v4.0.5
25 error code ELIFECYCLE
26 error node_with_mongo@1.0.0 start: `npm-run-all --parallel lint:watch test:watch open:src`
26 error Exit status 1
27 error Failed at the node_with_mongo@1.0.0 start script 'npm-run-all --parallel lint:watch test:watch open:src'.
27 error Make sure you have the latest version of node.js and npm installed.
27 error If you do, this is most likely a problem with the node_with_mongo package,
27 error not with npm itself.
27 error Tell the author that this fails on your system:
27 error     npm-run-all --parallel lint:watch test:watch open:src
27 error You can get information on how to open an issue for this project with:
27 error     npm bugs node_with_mongo
27 error Or if that isn't available, you can get their info via:
27 error     npm owner ls node_with_mongo
27 error There is likely additional logging output above.
28 verbose exit [ 1, true ]
